# JRE version: OpenJDK Runtime Environment (7.0_101) (build 1.7.0_101-b00)
# Java VM: OpenJDK 64-Bit Server VM (24.95-b01 mixed mode linux-amd64 compressed oops)
Heap
 PSYoungGen      total 233472K, used 208280K [0x00000000eaa80000, 0x0000000100000000, 0x0000000100000000)
  eden space 117248K, 78% used [0x00000000eaa80000,0x00000000f046ad70,0x00000000f1d00000)
  from space 116224K, 99% used [0x00000000f1d00000,0x00000000f8e7b5c8,0x00000000f8e80000)
  to   space 116224K, 0% used [0x00000000f8e80000,0x00000000f8e80000,0x0000000100000000)
 ParOldGen       total 363520K, used 246523K [0x00000000c0000000, 0x00000000d6300000, 0x00000000eaa80000)
  object space 363520K, 67% used [0x00000000c0000000,0x00000000cf0beff0,0x00000000d6300000)
 PSPermGen       total 21504K, used 6673K [0x00000000b5a00000, 0x00000000b6f00000, 0x00000000c0000000)
  object space 21504K, 31% used [0x00000000b5a00000,0x00000000b60845c8,0x00000000b6f00000)
GC Heap History (10 events):
Event: 52,456 GC heap before
{Heap before GC invocations=19 (full 4):
 PSYoungGen      total 232960K, used 138752K [0x00000000eaa80000, 0x0000000100000000, 0x0000000100000000)
  eden space 138752K, 100% used [0x00000000eaa80000,0x00000000f3200000,0x00000000f3200000)
  from space 94208K, 0% used [0x00000000fa400000,0x00000000fa400000,0x0000000100000000)
  to   space 105472K, 0% used [0x00000000f3200000,0x00000000f3200000,0x00000000f9900000)
 ParOldGen       total 363520K, used 201408K [0x00000000c0000000, 0x00000000d6300000, 0x00000000eaa80000)
  object space 363520K, 55% used [0x00000000c0000000,0x00000000cc4b0238,0x00000000d6300000)
 PSPermGen       total 21504K, used 6398K [0x00000000b5a00000, 0x00000000b6f00000, 0x00000000c0000000)
  object space 21504K, 29% used [0x00000000b5a00000,0x00000000b603f978,0x00000000b6f00000)
Event: 52,645 GC heap after
Heap after GC invocations=19 (full 4):
 PSYoungGen      total 244224K, used 50169K [0x00000000eaa80000, 0x0000000100000000, 0x0000000100000000)
  eden space 138752K, 0% used [0x00000000eaa80000,0x00000000eaa80000,0x00000000f3200000)
  from space 105472K, 47% used [0x00000000f3200000,0x00000000f62fe640,0x00000000f9900000)
  to   space 103424K, 0% used [0x00000000f9b00000,0x00000000f9b00000,0x0000000100000000)
 ParOldGen       total 363520K, used 201408K [0x00000000c0000000, 0x00000000d6300000, 0x00000000eaa80000)
  object space 363520K, 55% used [0x00000000c0000000,0x00000000cc4b0238,0x00000000d6300000)
 PSPermGen       total 21504K, used 6398K [0x00000000b5a00000, 0x00000000b6f00000, 0x00000000c0000000)
  object space 21504K, 29% used [0x00000000b5a00000,0x00000000b603f978,0x00000000b6f00000)
}
Event: 54,966 GC heap before
{Heap before GC invocations=20 (full 4):
 PSYoungGen      total 244224K, used 188921K [0x00000000eaa80000, 0x0000000100000000, 0x0000000100000000)
  eden space 138752K, 100% used [0x00000000eaa80000,0x00000000f3200000,0x00000000f3200000)
  from space 105472K, 47% used [0x00000000f3200000,0x00000000f62fe640,0x00000000f9900000)
  to   space 103424K, 0% used [0x00000000f9b00000,0x00000000f9b00000,0x0000000100000000)
 ParOldGen       total 363520K, used 201408K [0x00000000c0000000, 0x00000000d6300000, 0x00000000eaa80000)
  object space 363520K, 55% used [0x00000000c0000000,0x00000000cc4b0238,0x00000000d6300000)
 PSPermGen       total 21504K, used 6403K [0x00000000b5a00000, 0x00000000b6f00000, 0x00000000c0000000)
  object space 21504K, 29% used [0x00000000b5a00000,0x00000000b6040fd8,0x00000000b6f00000)
Event: 55,147 GC heap after
Heap after GC invocations=20 (full 4):
 PSYoungGen      total 238080K, used 51258K [0x00000000eaa80000, 0x00000000ffa00000, 0x0000000100000000)
  eden space 140800K, 0% used [0x00000000eaa80000,0x00000000eaa80000,0x00000000f3400000)
  from space 97280K, 52% used [0x00000000f9b00000,0x00000000fcd0e9a8,0x00000000ffa00000)
  to   space 101376K, 0% used [0x00000000f3400000,0x00000000f3400000,0x00000000f9700000)
 ParOldGen       total 363520K, used 201408K [0x00000000c0000000, 0x00000000d6300000, 0x00000000eaa80000)
  object space 363520K, 55% used [0x00000000c0000000,0x00000000cc4b0238,0x00000000d6300000)
 PSPermGen       total 21504K, used 6403K [0x00000000b5a00000, 0x00000000b6f00000, 0x00000000c0000000)
  object space 21504K, 29% used [0x00000000b5a00000,0x00000000b6040fd8,0x00000000b6f00000)
}
Event: 57,507 GC heap before
{Heap before GC invocations=21 (full 4):
 PSYoungGen      total 238080K, used 192058K [0x00000000eaa80000, 0x00000000ffa00000, 0x0000000100000000)
  eden space 140800K, 100% used [0x00000000eaa80000,0x00000000f3400000,0x00000000f3400000)
  from space 97280K, 52% used [0x00000000f9b00000,0x00000000fcd0e9a8,0x00000000ffa00000)
  to   space 101376K, 0% used [0x00000000f3400000,0x00000000f3400000,0x00000000f9700000)
 ParOldGen       total 363520K, used 201408K [0x00000000c0000000, 0x00000000d6300000, 0x00000000eaa80000)
  object space 363520K, 55% used [0x00000000c0000000,0x00000000cc4b0238,0x00000000d6300000)
 PSPermGen       total 21504K, used 6430K [0x00000000b5a00000, 0x00000000b6f00000, 0x00000000c0000000)
  object space 21504K, 29% used [0x00000000b5a00000,0x00000000b6047a68,0x00000000b6f00000)
Event: 58,058 GC heap after
Heap after GC invocations=21 (full 4):
 PSYoungGen      total 237568K, used 96569K [0x00000000eaa80000, 0x0000000100000000, 0x0000000100000000)
  eden space 140800K, 0% used [0x00000000eaa80000,0x00000000eaa80000,0x00000000f3400000)
  from space 96768K, 99% used [0x00000000f3400000,0x00000000f924e760,0x00000000f9280000)
  to   space 112128K, 0% used [0x00000000f9280000,0x00000000f9280000,0x0000000100000000)
 ParOldGen       total 363520K, used 201408K [0x00000000c0000000, 0x00000000d6300000, 0x00000000eaa80000)
  object space 363520K, 55% used [0x00000000c0000000,0x00000000cc4b0238,0x00000000d6300000)
 PSPermGen       total 21504K, used 6430K [0x00000000b5a00000, 0x00000000b6f00000, 0x00000000c0000000)
  object space 21504K, 29% used [0x00000000b5a00000,0x00000000b6047a68,0x00000000b6f00000)
}
Event: 59,332 GC heap before
{Heap before GC invocations=22 (full 4):
 PSYoungGen      total 237568K, used 237369K [0x00000000eaa80000, 0x0000000100000000, 0x0000000100000000)
  eden space 140800K, 100% used [0x00000000eaa80000,0x00000000f3400000,0x00000000f3400000)
  from space 96768K, 99% used [0x00000000f3400000,0x00000000f924e760,0x00000000f9280000)
  to   space 112128K, 0% used [0x00000000f9280000,0x00000000f9280000,0x0000000100000000)
 ParOldGen       total 363520K, used 201408K [0x00000000c0000000, 0x00000000d6300000, 0x00000000eaa80000)
  object space 363520K, 55% used [0x00000000c0000000,0x00000000cc4b0238,0x00000000d6300000)
 PSPermGen       total 21504K, used 6435K [0x00000000b5a00000, 0x00000000b6f00000, 0x00000000c0000000)
  object space 21504K, 29% used [0x00000000b5a00000,0x00000000b6048fe0,0x00000000b6f00000)
Event: 60,060 GC heap after
Heap after GC invocations=22 (full 4):
 PSYoungGen      total 229376K, used 112099K [0x00000000eaa80000, 0x0000000100000000, 0x0000000100000000)
  eden space 117248K, 0% used [0x00000000eaa80000,0x00000000eaa80000,0x00000000f1d00000)
  from space 112128K, 99% used [0x00000000f9280000,0x00000000ffff8cf8,0x0000000100000000)
  to   space 116224K, 0% used [0x00000000f1d00000,0x00000000f1d00000,0x00000000f8e80000)
 ParOldGen       total 363520K, used 231007K [0x00000000c0000000, 0x00000000d6300000, 0x00000000eaa80000)
  object space 363520K, 63% used [0x00000000c0000000,0x00000000ce197d60,0x00000000d6300000)
 PSPermGen       total 21504K, used 6435K [0x00000000b5a00000, 0x00000000b6f00000, 0x00000000c0000000)
  object space 21504K, 29% used [0x00000000b5a00000,0x00000000b6048fe0,0x00000000b6f00000)
}
Event: 61,336 GC heap before
{Heap before GC invocations=23 (full 4):
 PSYoungGen      total 229376K, used 229347K [0x00000000eaa80000, 0x0000000100000000, 0x0000000100000000)
  eden space 117248K, 100% used [0x00000000eaa80000,0x00000000f1d00000,0x00000000f1d00000)
  from space 112128K, 99% used [0x00000000f9280000,0x00000000ffff8cf8,0x0000000100000000)
  to   space 116224K, 0% used [0x00000000f1d00000,0x00000000f1d00000,0x00000000f8e80000)
 ParOldGen       total 363520K, used 231007K [0x00000000c0000000, 0x00000000d6300000, 0x00000000eaa80000)
  object space 363520K, 63% used [0x00000000c0000000,0x00000000ce197d60,0x00000000d6300000)
 PSPermGen       total 21504K, used 6446K [0x00000000b5a00000, 0x00000000b6f00000, 0x00000000c0000000)
  object space 21504K, 29% used [0x00000000b5a00000,0x00000000b604b850,0x00000000b6f00000)
Event: 62,326 GC heap after
Heap after GC invocations=23 (full 4):
 PSYoungGen      total 233472K, used 116205K [0x00000000eaa80000, 0x0000000100000000, 0x0000000100000000)
  eden space 117248K, 0% used [0x00000000eaa80000,0x00000000eaa80000,0x00000000f1d00000)
  from space 116224K, 99% used [0x00000000f1d00000,0x00000000f8e7b5c8,0x00000000f8e80000)
  to   space 116224K, 0% used [0x00000000f8e80000,0x00000000f8e80000,0x0000000100000000)
 ParOldGen       total 363520K, used 246523K [0x00000000c0000000, 0x00000000d6300000, 0x00000000eaa80000)
  object space 363520K, 67% used [0x00000000c0000000,0x00000000cf0beff0,0x00000000d6300000)
 PSPermGen       total 21504K, used 6446K [0x00000000b5a00000, 0x00000000b6f00000, 0x00000000c0000000)
  object space 21504K, 29% used [0x00000000b5a00000,0x00000000b604b850,0x00000000b6f00000)
}

